<?xml version="1.0" encoding="UTF-8"?>
<!-- Generated by org.testng.reporters.JUnitReportReporter -->
<testsuite hostname="STECH-Mallik" failures="0" tests="9" name="com.org.testcases.BookingActivityPageTest" time="106.206" errors="0" timestamp="2021-07-09T12:35:45 IST" skipped="0">
  <testcase classname="com.org.testcases.BookingActivityPageTest" name="loginApp" time="3.327"/>
  <system-out/>
  <testcase classname="com.org.testcases.BookingActivityPageTest" name="searchItemTest" time="10.712"/>
  <system-out/>
  <testcase classname="com.org.testcases.BookingActivityPageTest" name="invoiceSearchTextBoxStringDataTest" time="0.972"/>
  <system-out/>
  <testcase classname="com.org.testcases.BookingActivityPageTest" name="invoiceSearchTextBoxIntegerDataTest" time="12.491"/>
  <system-out/>
  <testcase classname="com.org.testcases.BookingActivityPageTest" name="SearchTextBoxBlankDataTest" time="8.433"/>
  <system-out/>
  <testcase classname="com.org.testcases.BookingActivityPageTest" name="invoiceSearchTextBoxSpecialCharacterTest" time="0.872"/>
  <system-out/>
  <testcase classname="com.org.testcases.BookingActivityPageTest" name="invoiceSearchTextBoxCorrectDataTest" time="5.179"/>
  <system-out/>
  <testcase classname="com.org.testcases.BookingActivityPageTest" name="generateInvoiceTest" time="36.665"/>
  <system-out/>
  <testcase classname="com.org.testcases.BookingActivityPageTest" name="generateCreditNotesTest" time="27.555"/>
  <system-out/>
</testsuite> <!-- com.org.testcases.BookingActivityPageTest -->
